Log file open, 07/12/20 08:38:48
LogWindows: Failed to load 'aqProf.dll' (GetLastError=126)
LogWindows: File 'aqProf.dll' does not exist
LogWindows: Failed to load 'VSPerf140.dll' (GetLastError=126)
LogWindows: File 'VSPerf140.dll' does not exist
LogWindows: Failed to load 'VtuneApi.dll' (GetLastError=126)
LogWindows: File 'VtuneApi.dll' does not exist
LogWindows: Failed to load 'VtuneApi32e.dll' (GetLastError=126)
LogWindows: File 'VtuneApi32e.dll' does not exist
LogInit: Display: Running engine for game: UE4_Loco_Multiplayer
LogPlatformFile: Not using cached read wrapper
LogInit: Display: RandInit(-129099495) SRandInit(-129099494).
LogInit: Read version file with build ID '3709383'
LogInit: Overriding engine version to CL 3832480, compatible CL 3709383
LogInit: Registered custom module enumerator with build ID '3709383'
LogTaskGraph: Started task graph with 5 named threads and 8 total threads with 3 sets of task threads.
LogStats: Stats thread started at 0.231778
LogD3D11RHI: Aftermath initialized
LogModuleManager: Display: Found up-to-date module file ../../../Engine/Plugins/2D/Paper2D/Binaries/Win64/UE4Editor-Paper2D.dll (API version 3709383).
LogModuleManager: Display: Found up-to-date module file ../../../Engine/Plugins/2D/Paper2D/Binaries/Win64/UE4Editor-Paper2DEditor.dll (API version 3709383).
LogModuleManager: Display: Found up-to-date module file ../../../Engine/Plugins/2D/Paper2D/Binaries/Win64/UE4Editor-PaperSpriteSheetImporter.dll (API version 3709383).
LogModuleManager: Display: Found up-to-date module file ../../../Engine/Plugins/2D/Paper2D/Binaries/Win64/UE4Editor-PaperTiledImporter.dll (API version 3709383).
LogModuleManager: Display: Found up-to-date module file ../../../Engine/Plugins/2D/Paper2D/Binaries/Win64/UE4Editor-SmartSnapping.dll (API version 3709383).
LogModuleManager: Display: Found up-to-date module file ../../../Engine/Plugins/Blendables/LightPropagationVolume/Binaries/Win64/UE4Editor-LightPropagationVolumeRuntime.dll (API version 3709383).
LogModuleManager: Display: Found up-to-date module file ../../../Engine/Plugins/Blendables/LightPropagationVolume/Binaries/Win64/UE4Editor-LightPropagationVolumeEditor.dll (API version 3709383).
LogModuleManager: Display: Found up-to-date module file ../../../Engine/Plugins/Developer/GitSourceControl/Binaries/Win64/UE4Editor-GitSourceControl.dll (API version 3709383).
LogModuleManager: Display: Found up-to-date module file ../../../Engine/Plugins/Developer/PerforceSourceControl/Binaries/Win64/UE4Editor-PerforceSourceControl.dll (API version 3709383).
LogModuleManager: Display: Found up-to-date module file ../../../Engine/Plugins/Developer/SubversionSourceControl/Binaries/Win64/UE4Editor-SubversionSourceControl.dll (API version 3709383).
LogModuleManager: Display: Found up-to-date module file ../../../Engine/Plugins/Developer/UObjectPlugin/Binaries/Win64/UE4Editor-UObjectPlugin.dll (API version 3709383).
LogModuleManager: Display: Found up-to-date module file ../../../Engine/Plugins/Developer/VisualStudioCodeSourceCodeAccess/Binaries/Win64/UE4Editor-VisualStudioCodeSourceCodeAccess.dll (API version 3709383).
LogModuleManager: Display: Found up-to-date module file ../../../Engine/Plugins/Developer/VisualStudioSourceCodeAccess/Binaries/Win64/UE4Editor-VisualStudioSourceCodeAccess.dll (API version 3709383).
LogModuleManager: Display: Found up-to-date module file ../../../Engine/Plugins/Editor/AssetManagerEditor/Binaries/Win64/UE4Editor-AssetManagerEditor.dll (API version 3709383).
LogModuleManager: Display: Found up-to-date module file ../../../Engine/Plugins/Editor/AudioCapture/Binaries/Win64/UE4Editor-AudioCapture.dll (API version 3709383).
LogModuleManager: Display: Found up-to-date module file ../../../Engine/Plugins/Editor/FacialAnimation/Binaries/Win64/UE4Editor-FacialAnimation.dll (API version 3709383).
LogModuleManager: Display: Found up-to-date module file ../../../Engine/Plugins/Editor/FacialAnimation/Binaries/Win64/UE4Editor-FacialAnimationEditor.dll (API version 3709383).
LogModuleManager: Display: Found up-to-date module file ../../../Engine/Plugins/Editor/GameplayTagsEditor/Binaries/Win64/UE4Editor-GameplayTagsEditor.dll (API version 3709383).
LogModuleManager: Display: Found up-to-date module file ../../../Engine/Plugins/Editor/MobileLauncherProfileWizard/Binaries/Win64/UE4Editor-MobileLauncherProfileWizard.dll (API version 3709383).
LogModuleManager: Display: Found up-to-date module file ../../../Engine/Plugins/Editor/PluginBrowser/Binaries/Win64/UE4Editor-PluginBrowser.dll (API version 3709383).
LogModuleManager: Display: Found up-to-date module file ../../../Engine/Plugins/Editor/SpeedTreeImporter/Binaries/Win64/UE4Editor-SpeedTreeImporter.dll (API version 3709383).
LogModuleManager: Display: Found up-to-date module file ../../../Engine/Plugins/Experimental/AlembicImporter/Binaries/Win64/UE4Editor-AlembicImporter.dll (API version 3709383).
LogModuleManager: Display: Found up-to-date module file ../../../Engine/Plugins/Experimental/AlembicImporter/Binaries/Win64/UE4Editor-AlembicLibrary.dll (API version 3709383).
LogModuleManager: Display: Found up-to-date module file ../../../Engine/Plugins/Experimental/CharacterAI/Binaries/Win64/UE4Editor-CharacterAI.dll (API version 3709383).
LogModuleManager: Display: Found up-to-date module file ../../../Engine/Plugins/Experimental/HTML5Networking/Binaries/Win64/UE4Editor-HTML5Networking.dll (API version 3709383).
LogModuleManager: Display: Found up-to-date module file ../../../Engine/Plugins/Media/AndroidMedia/Binaries/Win64/UE4Editor-AndroidMediaEditor.dll (API version 3709383).
LogModuleManager: Display: Found up-to-date module file ../../../Engine/Plugins/Media/AndroidMedia/Binaries/Win64/UE4Editor-AndroidMediaFactory.dll (API version 3709383).
LogModuleManager: Display: Found up-to-date module file ../../../Engine/Plugins/Media/AvfMedia/Binaries/Win64/UE4Editor-AvfMediaEditor.dll (API version 3709383).
LogModuleManager: Display: Found up-to-date module file ../../../Engine/Plugins/Media/AvfMedia/Binaries/Win64/UE4Editor-AvfMediaFactory.dll (API version 3709383).
LogModuleManager: Display: Found up-to-date module file ../../../Engine/Plugins/Media/AvfMedia/Binaries/Win64/UE4Editor-AvfMediaFactory.dll (API version 3709383).
LogModuleManager: Display: Found up-to-date module file ../../../Engine/Plugins/Media/ImgMedia/Binaries/Win64/UE4Editor-ImgMedia.dll (API version 3709383).
LogModuleManager: Display: Found up-to-date module file ../../../Engine/Plugins/Media/ImgMedia/Binaries/Win64/UE4Editor-ImgMediaEditor.dll (API version 3709383).
LogModuleManager: Display: Found up-to-date module file ../../../Engine/Plugins/Media/ImgMedia/Binaries/Win64/UE4Editor-ImgMediaFactory.dll (API version 3709383).
LogModuleManager: Display: Found up-to-date module file ../../../Engine/Plugins/Media/ImgMedia/Binaries/Win64/UE4Editor-ImgMediaFactory.dll (API version 3709383).
LogModuleManager: Display: Found up-to-date module file ../../../Engine/Plugins/Media/ImgMedia/Binaries/Win64/UE4Editor-OpenExrWrapper.dll (API version 3709383).
LogModuleManager: Display: Found up-to-date module file ../../../Engine/Plugins/Media/MediaCompositing/Binaries/Win64/UE4Editor-MediaCompositing.dll (API version 3709383).
LogModuleManager: Display: Found up-to-date module file ../../../Engine/Plugins/Media/MediaCompositing/Binaries/Win64/UE4Editor-MediaCompositingEditor.dll (API version 3709383).
LogModuleManager: Display: Found up-to-date module file ../../../Engine/Plugins/Media/MediaPlayerEditor/Binaries/Win64/UE4Editor-MediaPlayerEditor.dll (API version 3709383).
LogModuleManager: Display: Found up-to-date module file ../../../Engine/Plugins/Media/WmfMedia/Binaries/Win64/UE4Editor-WmfMedia.dll (API version 3709383).
LogModuleManager: Display: Found up-to-date module file ../../../Engine/Plugins/Media/WmfMedia/Binaries/Win64/UE4Editor-WmfMediaEditor.dll (API version 3709383).
LogModuleManager: Display: Found up-to-date module file ../../../Engine/Plugins/Media/WmfMedia/Binaries/Win64/UE4Editor-WmfMediaFactory.dll (API version 3709383).
LogModuleManager: Display: Found up-to-date module file ../../../Engine/Plugins/Media/WmfMedia/Binaries/Win64/UE4Editor-WmfMediaFactory.dll (API version 3709383).
LogModuleManager: Display: Found up-to-date module file ../../../Engine/Plugins/Messaging/TcpMessaging/Binaries/Win64/UE4Editor-TcpMessaging.dll (API version 3709383).
LogModuleManager: Display: Found up-to-date module file ../../../Engine/Plugins/Messaging/UdpMessaging/Binaries/Win64/UE4Editor-UdpMessaging.dll (API version 3709383).
LogModuleManager: Display: Found up-to-date module file ../../../Engine/Plugins/MovieScene/ActorSequence/Binaries/Win64/UE4Editor-ActorSequence.dll (API version 3709383).
LogModuleManager: Display: Found up-to-date module file ../../../Engine/Plugins/MovieScene/LevelSequenceEditor/Binaries/Win64/UE4Editor-LevelSequenceEditor.dll (API version 3709383).
LogModuleManager: Display: Found up-to-date module file ../../../Engine/Plugins/MovieScene/MatineeToLevelSequence/Binaries/Win64/UE4Editor-MatineeToLevelSequence.dll (API version 3709383).
LogModuleManager: Display: Found up-to-date module file ../../../Engine/Plugins/Online/OnlineSubsystem/Binaries/Win64/UE4Editor-OnlineSubsystem.dll (API version 3709383).
LogModuleManager: Display: Found up-to-date module file ../../../Engine/Plugins/Runtime/AndroidPermission/Binaries/Win64/UE4Editor-AndroidPermission.dll (API version 3709383).
LogModuleManager: Display: Found up-to-date module file ../../../Engine/Plugins/Online/OnlineSubsystemNull/Binaries/Win64/UE4Editor-OnlineSubsystemNull.dll (API version 3709383).
LogModuleManager: Display: Found up-to-date module file ../../../Engine/Plugins/Online/OnlineSubsystemUtils/Binaries/Win64/UE4Editor-OnlineSubsystemUtils.dll (API version 3709383).
LogModuleManager: Display: Found up-to-date module file ../../../Engine/Plugins/Online/OnlineSubsystemUtils/Binaries/Win64/UE4Editor-OnlineBlueprintSupport.dll (API version 3709383).
LogModuleManager: Display: Found up-to-date module file ../../../Engine/Plugins/Runtime/AndroidDeviceProfileSelector/Binaries/Win64/UE4Editor-AndroidDeviceProfileSelector.dll (API version 3709383).
LogModuleManager: Display: Found up-to-date module file ../../../Engine/Plugins/Runtime/AppleARKit/Binaries/Win64/UE4Editor-AppleARKit.dll (API version 3709383).
LogModuleManager: Display: Found up-to-date module file ../../../Engine/Plugins/Runtime/ArchVisCharacter/Binaries/Win64/UE4Editor-ArchVisCharacter.dll (API version 3709383).
LogModuleManager: Display: Found up-to-date module file ../../../Engine/Plugins/Runtime/CableComponent/Binaries/Win64/UE4Editor-CableComponent.dll (API version 3709383).
LogModuleManager: Display: Found up-to-date module file ../../../Engine/Plugins/Runtime/CustomMeshComponent/Binaries/Win64/UE4Editor-CustomMeshComponent.dll (API version 3709383).
LogModuleManager: Display: Found up-to-date module file ../../../Engine/Plugins/Runtime/ExampleDeviceProfileSelector/Binaries/Win64/UE4Editor-ExampleDeviceProfileSelector.dll (API version 3709383).
LogModuleManager: Display: Found up-to-date module file ../../../Engine/Plugins/Runtime/ImmediatePhysics/Binaries/Win64/UE4Editor-ImmediatePhysics.dll (API version 3709383).
LogModuleManager: Display: Found up-to-date module file ../../../Engine/Plugins/Runtime/ImmediatePhysics/Binaries/Win64/UE4Editor-ImmediatePhysicsEditor.dll (API version 3709383).
LogModuleManager: Display: Found up-to-date module file ../../../Engine/Plugins/Runtime/LocationServicesBPLibrary/Binaries/Win64/UE4Editor-LocationServicesBPLibrary.dll (API version 3709383).
LogModuleManager: Display: Found up-to-date module file ../../../Engine/Plugins/Runtime/MobilePatchingUtils/Binaries/Win64/UE4Editor-MobilePatchingUtils.dll (API version 3709383).
LogModuleManager: Display: Found up-to-date module file ../../../Engine/Plugins/Runtime/Oculus/OculusVR/Binaries/Win64/UE4Editor-OculusHMD.dll (API version 3709383).
LogModuleManager: Display: Found up-to-date module file ../../../Engine/Plugins/Runtime/Oculus/OculusVR/Binaries/Win64/UE4Editor-OculusInput.dll (API version 3709383).
LogModuleManager: Display: Found up-to-date module file ../../../Engine/Plugins/Runtime/Oculus/OculusVR/Binaries/Win64/UE4Editor-OculusEditor.dll (API version 3709383).
LogModuleManager: Display: Found up-to-date module file ../../../Engine/Plugins/Runtime/PhysXVehicles/Binaries/Win64/UE4Editor-PhysXVehicles.dll (API version 3709383).
LogModuleManager: Display: Found up-to-date module file ../../../Engine/Plugins/Runtime/PhysXVehicles/Binaries/Win64/UE4Editor-PhysXVehiclesEditor.dll (API version 3709383).
LogModuleManager: Display: Found up-to-date module file ../../../Engine/Plugins/Runtime/ProceduralMeshComponent/Binaries/Win64/UE4Editor-ProceduralMeshComponent.dll (API version 3709383).
LogModuleManager: Display: Found up-to-date module file ../../../Engine/Plugins/Runtime/ProceduralMeshComponent/Binaries/Win64/UE4Editor-ProceduralMeshComponentEditor.dll (API version 3709383).
LogModuleManager: Display: Found up-to-date module file ../../../Engine/Plugins/Runtime/RuntimePhysXCooking/Binaries/Win64/UE4Editor-RuntimePhysXCooking.dll (API version 3709383).
LogModuleManager: Display: Found up-to-date module file ../../../Engine/Plugins/Runtime/Steam/SteamVR/Binaries/Win64/UE4Editor-SteamVR.dll (API version 3709383).
LogModuleManager: Display: Found up-to-date module file ../../../Engine/Plugins/Runtime/Steam/SteamVR/Binaries/Win64/UE4Editor-SteamVRController.dll (API version 3709383).
LogModuleManager: Display: Found up-to-date module file ../../../Engine/Plugins/Runtime/WindowsMoviePlayer/Binaries/Win64/UE4Editor-WindowsMoviePlayer.dll (API version 3709383).
LogPluginManager: Mounting plugin Paper2D
LogPluginManager: Mounting plugin LightPropagationVolume
LogPluginManager: Mounting plugin CodeLiteSourceCodeAccess
LogPluginManager: Mounting plugin GitSourceControl
LogPluginManager: Mounting plugin KDevelopSourceCodeAccess
LogPluginManager: Mounting plugin NullSourceCodeAccess
LogPluginManager: Mounting plugin PerforceSourceControl
LogPluginManager: Mounting plugin SubversionSourceControl
LogPluginManager: Mounting plugin UObjectPlugin
LogPluginManager: Mounting plugin VisualStudioCodeSourceCodeAccess
LogPluginManager: Mounting plugin VisualStudioSourceCodeAccess
LogPluginManager: Mounting plugin XCodeSourceCodeAccess
LogPluginManager: Mounting plugin AssetManagerEditor
LogPluginManager: Mounting plugin AudioCapture
LogPluginManager: Mounting plugin FacialAnimation
LogPluginManager: Mounting plugin GameplayTagsEditor
LogPluginManager: Mounting plugin MobileLauncherProfileWizard
LogPluginManager: Mounting plugin PluginBrowser
LogPluginManager: Mounting plugin SpeedTreeImporter
LogPluginManager: Mounting plugin AlembicImporter
LogPluginManager: Mounting plugin CharacterAI
LogPluginManager: Mounting plugin HTML5Networking
LogPluginManager: Mounting plugin AndroidMedia
LogPluginManager: Mounting plugin AvfMedia
LogPluginManager: Mounting plugin ImgMedia
LogPluginManager: Mounting plugin MediaCompositing
LogPluginManager: Mounting plugin MediaPlayerEditor
LogPluginManager: Mounting plugin WmfMedia
LogPluginManager: Mounting plugin TcpMessaging
LogPluginManager: Mounting plugin UdpMessaging
LogPluginManager: Mounting plugin ActorSequence
LogPluginManager: Mounting plugin LevelSequenceEditor
LogPluginManager: Mounting plugin MatineeToLevelSequence
LogPluginManager: Mounting plugin OnlineSubsystemGooglePlay
LogPluginManager: Mounting plugin OnlineSubsystemIOS
LogPluginManager: Mounting plugin OnlineSubsystem
LogPluginManager: Mounting plugin OnlineSubsystemNull
LogPluginManager: Mounting plugin OnlineSubsystemUtils
LogPluginManager: Mounting plugin AndroidDeviceProfileSelector
LogPluginManager: Mounting plugin AndroidMoviePlayer
LogPluginManager: Mounting plugin AndroidPermission
LogPluginManager: Mounting plugin AppleARKit
LogPluginManager: Mounting plugin AppleMoviePlayer
LogPluginManager: Mounting plugin ArchVisCharacter
LogPluginManager: Mounting plugin CableComponent
LogPluginManager: Mounting plugin CustomMeshComponent
LogPluginManager: Mounting plugin ExampleDeviceProfileSelector
LogPluginManager: Mounting plugin GoogleCloudMessaging
LogPluginManager: Mounting plugin ImmediatePhysics
LogPluginManager: Mounting plugin IOSDeviceProfileSelector
LogPluginManager: Mounting plugin LinuxDeviceProfileSelector
LogPluginManager: Mounting plugin LocationServicesBPLibrary
LogPluginManager: Mounting plugin MobilePatchingUtils
LogPluginManager: Mounting plugin OculusVR
LogPluginManager: Plugin shader directory ../../../Engine/Plugins/Runtime/Oculus/OculusVR/Shaders found
LogPluginManager: Mapping shader source directory ../../../Engine/Plugins/Runtime/Oculus/OculusVR/Shaders to virtual directory /Plugin/OculusVR
LogPluginManager: Mounting plugin PhysXVehicles
LogPluginManager: Mounting plugin ProceduralMeshComponent
LogPluginManager: Mounting plugin RuntimePhysXCooking
LogPluginManager: Mounting plugin SteamVR
LogPluginManager: Mounting plugin WindowsMoviePlayer
LogInit: Using libcurl 7.47.1
LogInit:  - built for x86_64-pc-win32
LogInit:  - supports SSL with OpenSSL/1.0.2g
LogInit:  - supports HTTP deflate (compression) using libz 1.2.8
LogInit:  - other features:
LogInit:      CURL_VERSION_SSL
LogInit:      CURL_VERSION_LIBZ
LogInit:      CURL_VERSION_IPV6
LogInit:      CURL_VERSION_ASYNCHDNS
LogInit:      CURL_VERSION_LARGEFILE
LogInit:      CURL_VERSION_IDN
LogInit:  CurlRequestOptions (configurable via config and command line):
LogInit:  - bVerifyPeer = false  - Libcurl will NOT verify peer certificate
LogInit:  - bUseHttpProxy = false  - Libcurl will NOT use HTTP proxy
LogInit:  - bDontReuseConnections = false  - Libcurl will reuse connections
LogInit:  - CertBundlePath = nullptr  - Libcurl will use whatever was configured at build time.
LogInit: Build: ++UE4+Release-4.18-CL-3832480
LogInit: Engine Version: 4.18.3-3832480+++UE4+Release-4.18
LogInit: Compatible Engine Version: 4.18.0-3709383+++UE4+Release-4.18
LogInit: Net CL: 3709383
LogDevObjectVersion: Number of dev versions registered: 16
LogDevObjectVersion:   Dev-Blueprints (B0D832E4-1F89-4F0D-ACCF-7EB736FD4AA2): 10
LogDevObjectVersion:   Dev-Build (E1C64328-A22C-4D53-A36C-8E866417BD8C): 0
LogDevObjectVersion:   Dev-Core (375EC13C-06E4-48FB-B500-84F0262A717E): 2
LogDevObjectVersion:   Dev-Editor (E4B068ED-F494-42E9-A231-DA0B2E46BB41): 20
LogDevObjectVersion:   Dev-Framework (CFFC743F-43B0-4480-9391-14DF171D2073): 30
LogDevObjectVersion:   Dev-Mobile (B02B49B5-BB20-44E9-A304-32B752E40360): 0
LogDevObjectVersion:   Dev-Networking (A4E4105C-59A1-49B5-A7C5-40C4547EDFEE): 0
LogDevObjectVersion:   Dev-Online (39C831C9-5AE6-47DC-9A44-9C173E1C8E7C): 0
LogDevObjectVersion:   Dev-Physics (78F01B33-EBEA-4F98-B9B4-84EACCB95AA2): 0
LogDevObjectVersion:   Dev-Platform (6631380F-2D4D-43E0-8009-CF276956A95A): 0
LogDevObjectVersion:   Dev-Rendering (12F88B9F-8875-4AFC-A67C-D90C383ABD29): 20
LogDevObjectVersion:   Dev-Sequencer (7B5AE74C-D270-4C10-A958-57980B212A5A): 4
LogDevObjectVersion:   Dev-VR (D7296918-1DD6-4BDD-9DE2-64A83CC13884): 0
LogDevObjectVersion:   Dev-LoadTimes (C2A15278-BFE7-4AFE-6C17-90FF531DF755): 1
LogDevObjectVersion:   Private-Geometry (6EACA3D4-40EC-4CC1-B786-8BED09428FC5): 1
LogDevObjectVersion:   Dev-AnimPhys (29E575DD-E0A3-4627-9D10-D276232CDCEA): 12
LogInit: Compiled (64-bit): Jan 12 2018 02:04:55
LogInit: Compiled with Visual C++: 19.00.24215.01
LogInit: Build Configuration: Development
LogInit: Branch Name: ++UE4+Release-4.18
LogInit: Command line:  
LogInit: Base directory: E:/GameDev/Unreal/Engine/UE_4.18/Engine/Binaries/Win64/
LogInit: Installed Engine Build: 1
LogInit: Presizing for max 8388607 objects, including 0 objects not considered by GC, pre-allocating 0 bytes for permanent pool.
LogInit: Object subsystem initialized
[2020.07.12-02.38.54:566][  0]LogInit: Selected Device Profile: [Windows]
[2020.07.12-02.38.54:566][  0]LogInit: Applying CVar settings loaded from the selected device profile: [Windows]
[2020.07.12-02.38.54:776][  0]LogInit: Computer: ISHRAQ-PC
[2020.07.12-02.38.54:776][  0]LogInit: User: farha
[2020.07.12-02.38.54:776][  0]LogInit: CPU Page size=4096, Cores=2
[2020.07.12-02.38.54:776][  0]LogInit: High frequency timer resolution =10.000000 MHz
[2020.07.12-02.38.54:785][  0]LogMemory: Memory total: Physical=3.9GB (4GB approx)
[2020.07.12-02.38.54:786][  0]LogMemory: Platform Memory Stats for Windows
[2020.07.12-02.38.54:786][  0]LogMemory: Process Physical Memory: 272.92 MB used, 272.92 MB peak
[2020.07.12-02.38.54:786][  0]LogMemory: Process Virtual Memory: 273.18 MB used, 273.18 MB peak
[2020.07.12-02.38.54:786][  0]LogMemory: Physical Memory: 3209.71 MB used,  767.30 MB free, 3977.01 MB total
[2020.07.12-02.38.54:786][  0]LogMemory: Virtual Memory: 4763.64 MB used,  767.30 MB free, 134217728.00 MB total
[2020.07.12-02.38.56:618][  0]LogInit: Using OS detected language (en-US).
[2020.07.12-02.38.56:618][  0]LogInit: Using OS detected locale (en-US).
[2020.07.12-02.38.57:032][  0]LogTextLocalizationManager: No specific localization for 'en-US' exists, so the 'en' localization will be used.
[2020.07.12-02.38.58:299][  0]LogInit: Setting process to per monitor DPI aware
[2020.07.12-02.39.06:165][  0]LogD3D11RHI: D3D11 adapters:
[2020.07.12-02.39.06:188][  0]LogD3D11RHI:    0. 'Intel(R) HD Graphics 3000' (Feature Level 10_0)
[2020.07.12-02.39.06:188][  0]LogD3D11RHI:       32/0/1632 MB DedicatedVideo/DedicatedSystem/SharedSystem, Outputs:1, VendorId:0x8086
[2020.07.12-02.39.06:224][  0]LogD3D11RHI:    1. 'Microsoft Basic Render Driver' (Feature Level 11_0)
[2020.07.12-02.39.06:224][  0]LogD3D11RHI:       0/0/1988 MB DedicatedVideo/DedicatedSystem/SharedSystem, Outputs:0, VendorId:0x1414
[2020.07.12-02.39.06:224][  0]LogD3D11RHI: Chosen D3D11 Adapter: 0
[2020.07.12-02.39.06:254][  0]LogD3D11RHI: Creating new Direct3DDevice
[2020.07.12-02.39.06:255][  0]LogD3D11RHI:     GPU DeviceId: 0x126 (for the marketing name, search the web for "GPU Device Id")
[2020.07.12-02.39.06:255][  0]LogWindows: EnumDisplayDevices:
[2020.07.12-02.39.06:276][  0]LogWindows:    0. 'Intel(R) HD Graphics 3000' (P:1 D:1)
[2020.07.12-02.39.06:296][  0]LogWindows:    1. 'Intel(R) HD Graphics 3000' (P:0 D:0)
[2020.07.12-02.39.06:296][  0]LogWindows: DebugString: GetVideoDriverDetailsInvalid PrimaryIsNotTheChoosenAdapter GetVideoDriverDetailsInvalid PrimaryIsNotTheChoosenAdapter FoundDriverCount:0 
[2020.07.12-02.39.06:296][  0]LogD3D11RHI:     Adapter Name: Intel(R) HD Graphics 3000
[2020.07.12-02.39.06:296][  0]LogD3D11RHI:   Driver Version: Unknown (internal:Unknown, unified:Unknown)
[2020.07.12-02.39.06:296][  0]LogD3D11RHI:      Driver Date: Unknown
[2020.07.12-02.39.06:296][  0]LogRHI: Texture pool is 593 MB (70% of 848 MB)
[2020.07.12-02.39.06:319][  0]LogD3D11RHI: Async texture creation enabled
[2020.07.12-02.39.06:752][  0]LogD3D11RHI: GPU Timing Frequency: 12.500000 (Debug: 2 1)
[2020.07.12-02.39.06:887][  0]LogShaderCompilers: Guid format shader working directory is -22 characters bigger than the processId version (../../../../../GITHUB/UE4-Loco-multiplayer-Game/UE4_Loco_Multiplayer/Intermediate/Shaders/WorkingDirectory/3724/).
[2020.07.12-02.39.06:888][  0]LogShaderCompilers: Cleaned the shader compiler working directory 'C:/Users/farha/AppData/Local/Temp/UnrealShaderWorkingDir/EE57CA09423D79BF0EADF3854E40B7F3/'.
[2020.07.12-02.39.06:911][  0]LogShaderCompilers: Display: Using Local Shader Compiler.
[2020.07.12-02.39.16:866][  0]LogTemp: Display: Loaded TP AllDesktopTargetPlatform
[2020.07.12-02.39.16:933][  0]LogTemp: Display: Loaded TP MacClientTargetPlatform
[2020.07.12-02.39.17:000][  0]LogTemp: Display: Loaded TP MacNoEditorTargetPlatform
[2020.07.12-02.39.17:067][  0]LogTemp: Display: Loaded TP MacServerTargetPlatform
[2020.07.12-02.39.17:199][  0]LogTemp: Display: Loaded TP MacTargetPlatform
[2020.07.12-02.39.17:267][  0]LogTemp: Display: Loaded TP WindowsClientTargetPlatform
[2020.07.12-02.39.17:337][  0]LogTemp: Display: Loaded TP WindowsNoEditorTargetPlatform
[2020.07.12-02.39.17:407][  0]LogTemp: Display: Loaded TP WindowsServerTargetPlatform
[2020.07.12-02.39.17:466][  0]LogTemp: Display: Loaded TP WindowsTargetPlatform
[2020.07.12-02.39.17:532][  0]LogTemp: Display: Loaded TP Android_ASTCTargetPlatform
[2020.07.12-02.39.17:598][  0]LogTemp: Display: Loaded TP Android_ATCTargetPlatform
[2020.07.12-02.39.17:664][  0]LogTemp: Display: Loaded TP Android_DXTTargetPlatform
[2020.07.12-02.39.17:733][  0]LogTemp: Display: Loaded TP Android_ETC1TargetPlatform
[2020.07.12-02.39.17:799][  0]LogTemp: Display: Loaded TP Android_ETC2TargetPlatform
[2020.07.12-02.39.17:932][  0]LogTemp: Display: Loaded TP Android_MultiTargetPlatform
[2020.07.12-02.39.17:933][  0]LogTemp: Display: Loaded TP Android_PVRTCTargetPlatform
[2020.07.12-02.39.18:027][  0]LogTemp: Display: Loaded TP AndroidTargetPlatform
[2020.07.12-02.39.18:080][  0]LogTemp: Display: Loaded TP HTML5TargetPlatform
[2020.07.12-02.39.18:364][  0]LogTemp: Display: Loaded TP IOSTargetPlatform
[2020.07.12-02.39.18:424][  0]LogTemp: Display: Loaded TP TVOSTargetPlatform
[2020.07.12-02.39.18:490][  0]LogTemp: Display: Loaded TP LinuxClientTargetPlatform
[2020.07.12-02.39.18:557][  0]LogTemp: Display: Loaded TP LinuxNoEditorTargetPlatform
[2020.07.12-02.39.18:624][  0]LogTemp: Display: Loaded TP LinuxServerTargetPlatform
[2020.07.12-02.39.18:698][  0]LogTemp: Display: Loaded TP LinuxTargetPlatform
[2020.07.12-02.39.18:699][  0]LogTargetPlatformManager: Display: Building Assets For Windows
[2020.07.12-02.39.21:240][  0]LogDerivedDataCache: Display: Max Cache Size: 512 MB
[2020.07.12-02.39.24:917][  0]LogDerivedDataCache: Loaded boot cache 3.61s 75MB C:/Users/farha/AppData/Local/UnrealEngine/4.18/DerivedDataCache/Boot.ddc.
[2020.07.12-02.39.24:917][  0]LogDerivedDataCache: Display: Loaded Boot cache: C:/Users/farha/AppData/Local/UnrealEngine/4.18/DerivedDataCache/Boot.ddc
[2020.07.12-02.39.24:917][  0]LogDerivedDataCache: FDerivedDataBackendGraph:  Pak pak cache file ../../../../../GITHUB/UE4-Loco-multiplayer-Game/UE4_Loco_Multiplayer/DerivedDataCache/DDC.ddp not found, will not use a pak cache.
[2020.07.12-02.39.24:917][  0]LogDerivedDataCache: Unable to find inner node Pak for hierarchical cache Hierarchy.
[2020.07.12-02.39.24:917][  0]LogDerivedDataCache: FDerivedDataBackendGraph:  CompressedPak pak cache file ../../../../../GITHUB/UE4-Loco-multiplayer-Game/UE4_Loco_Multiplayer/DerivedDataCache/Compressed.ddp not found, will not use a pak cache.
[2020.07.12-02.39.24:917][  0]LogDerivedDataCache: Unable to find inner node CompressedPak for hierarchical cache Hierarchy.
[2020.07.12-02.39.25:260][  0]LogDerivedDataCache: Display: Pak cache opened for reading ../../../Engine/DerivedDataCache/Compressed.ddp.
[2020.07.12-02.39.25:335][  0]LogDerivedDataCache: Using Local data cache path C:/Users/farha/AppData/Local/UnrealEngine/Common/DerivedDataCache: Writable
[2020.07.12-02.39.25:564][  0]LogMaterial: Verifying Global Shaders for PCD3D_SM4
[2020.07.12-02.39.25:655][  0]LogSlate: Using Freetype 2.6.0
[2020.07.12-02.39.25:801][  0]LogSlate: SlateFontCache - WITH_FREETYPE: 1, WITH_HARFBUZZ: 1
[2020.07.12-02.39.25:808][  0]LogSlate: SlateFontCache - WITH_FREETYPE: 1, WITH_HARFBUZZ: 1
[2020.07.12-02.39.52:002][  0]LogInit: Selected Device Profile: [Windows]
[2020.07.12-02.39.56:484][  0]LogSimplygon: Simplygon DLL not present - disabling.
[2020.07.12-02.39.56:605][  0]LogMeshReduction: Using SimplygonSwarm for distributed automatic mesh merging
[2020.07.12-02.39.56:606][  0]LogMeshReduction: Using QuadricMeshReduction for automatic static mesh reduction
[2020.07.12-02.39.56:606][  0]LogMeshReduction: No automatic skeletal mesh reduction module available
[2020.07.12-02.39.56:606][  0]LogMeshReduction: No automatic mesh merging module available
[2020.07.12-02.39.56:606][  0]LogMeshMerging: No automatic mesh merging module available
[2020.07.12-02.39.58:379][  0]LogNetVersion: UE4_Loco_Multiplayer , NetCL: 3709383, EngineNetVer: 2, GameNetVer: 0 (Checksum: 1342504481)
[2020.07.12-02.40.02:056][  0]LogAssetRegistry: FAssetRegistry took 0.0468 seconds to start up
[2020.07.12-02.40.21:614][  0]LogPackageLocalizationCache: Processed 7 localized package path(s) for 2 prioritized culture(s) in 0.269529 seconds
[2020.07.12-02.40.21:750][  0]LogUObjectArray: 35870 objects as part of root set at end of initial load.
[2020.07.12-02.40.21:751][  0]LogUObjectAllocator: 7363696 out of 0 bytes used by permanent object pool.
[2020.07.12-02.40.21:751][  0]LogUObjectArray: CloseDisregardForGC: 0/0 objects in disregard for GC pool
[2020.07.12-02.40.22:077][  0]LogInit: WinSock: version 1.1 (2.2), MaxSocks=32767, MaxUdp=65467
[2020.07.12-02.41.36:668][  0]LogTcpMessaging: Initializing TcpMessaging bridge
[2020.07.12-02.41.36:861][  0]LogUdpMessaging: Initializing bridge on interface 0.0.0.0:0 to multicast group 230.0.0.1:6666.
[2020.07.12-02.41.41:407][  0]LogMaterial: Uniform references updated for custom material expression Custom.
[2020.07.12-02.41.43:303][  0]SourceControl: Source control is disabled
[2020.07.12-02.41.43:304][  0]SourceControl: Source control is disabled
[2020.07.12-02.41.43:467][  0]SourceControl: Source control is disabled
[2020.07.12-02.41.43:563][  0]SourceControl: Source control is disabled
[2020.07.12-02.41.45:953][  0]LogAndroidPermission: UAndroidPermissionCallbackProxy::GetInstance
[2020.07.12-02.41.46:471][  0]LogOcInput: OculusInput pre-init called
[2020.07.12-02.41.48:025][  0]LogEngine: Initializing Engine...
[2020.07.12-02.41.48:139][  0]LogHMD: Failed to initialize OpenVR with code 110
[2020.07.12-02.41.50:260][  0]LogStats: UGameplayTagsManager::ConstructGameplayTagTree: Construct from data asset -  0.000 s
[2020.07.12-02.41.50:261][  0]LogStats: UGameplayTagsManager::ConstructGameplayTagTree: GameplayTagTreeChangedEvent.Broadcast -  0.001 s
[2020.07.12-02.41.51:962][  0]LogAIModule: Creating AISystem for world Untitled
[2020.07.12-02.41.52:411][  0]LogInit: XAudio2 using 'Speakers (2- High Definition Audio Device)' : 2 channels at 48 kHz using 16 bits per sample (channel mask 0x3)
[2020.07.12-02.41.52:489][  0]LogInit: FAudioDevice initialized.
[2020.07.12-02.41.53:353][  0]LogDerivedDataCache: Saved boot cache 0.81s 75MB C:/Users/farha/AppData/Local/UnrealEngine/4.18/DerivedDataCache/Boot.ddc.
[2020.07.12-02.41.53:519][  0]LogInit: Texture streaming: Enabled
[2020.07.12-02.41.54:125][  0]LogEngineSessionManager: EngineSessionManager initialized
[2020.07.12-02.41.58:718][  0]LogInit: Transaction tracking system initialized
[2020.07.12-02.42.01:401][  0]BlueprintLog: New page: Editor Load
[2020.07.12-02.42.08:809][  0]LocalizationService: Localization service is disabled
[2020.07.12-02.42.15:100][  0]LogConsoleResponse: Display: 
[2020.07.12-02.42.24:612][  0]LogFileCache: Scanning file cache for directory 'E:/GameDev/Unreal/GITHUB/UE4-Loco-multiplayer-Game/UE4_Loco_Multiplayer/Content/' took 0.46s
[2020.07.12-02.42.24:612][  0]LogCook: Display: Max memory allowance for cook 16384mb min free memory 0mb
[2020.07.12-02.42.24:713][  0]LogCook: Display: Mobile HDR setting 1
[2020.07.12-02.42.24:737][  0]LogGameplayTags: Display: UGameplayTagsManager::DoneAddingNativeTags. DelegateIsBound: 0
[2020.07.12-02.42.31:918][  0]SourceControl: Source control is disabled
[2020.07.12-02.42.32:076][  0]Cmd: MAP LOAD FILE="../../../../../GITHUB/UE4-Loco-multiplayer-Game/UE4_Loco_Multiplayer/Content/ThirdPersonBP/Maps/ThirdPersonExampleMap.umap" TEMPLATE=0 SHOWPROGRESS=1 FEATURELEVEL=2
[2020.07.12-02.42.32:081][  0]LogEditorServer: Warning: Can't find file '../../../../../GITHUB/UE4-Loco-multiplayer-Game/UE4_Loco_Multiplayer/Content/ThirdPersonBP/Maps/ThirdPersonExampleMap.umap'
[2020.07.12-02.42.32:150][  0]Cmd: MAP CHECKDEP NOCLEARLOG
[2020.07.12-02.42.32:701][  0]MapCheck: Map check complete: 0 Error(s), 0 Warning(s), took 550.244ms to complete.
[2020.07.12-02.42.32:701][  0]LogFileHelpers: Loading map 'ThirdPersonExampleMap' took 0.735
[2020.07.12-02.42.52:448][  0]LogCollectionManager: Loaded 0 collections in 0.001788 seconds
[2020.07.12-02.42.53:212][  0]LogFileCache: Scanning file cache for directory 'E:/GameDev/Unreal/GITHUB/UE4-Loco-multiplayer-Game/UE4_Loco_Multiplayer/Saved/Collections/' took 0.01s
[2020.07.12-02.42.53:212][  0]LogFileCache: Scanning file cache for directory 'E:/GameDev/Unreal/GITHUB/UE4-Loco-multiplayer-Game/UE4_Loco_Multiplayer/Content/Developers/farha/Collections/' took 0.01s
[2020.07.12-02.42.53:212][  0]LogFileCache: Scanning file cache for directory 'E:/GameDev/Unreal/GITHUB/UE4-Loco-multiplayer-Game/UE4_Loco_Multiplayer/Content/Collections/' took 0.01s
[2020.07.12-02.42.53:212][  0]LogCollectionManager: Rebuilt the GUID cache for 0 collections in 0.000001 seconds
[2020.07.12-02.42.53:271][  0]LogContentBrowser: Native class hierarchy populated in 0.0322 seconds. Added 2364 classes and 521 folders.
[2020.07.12-02.42.53:928][  0]LogContentBrowser: Native class hierarchy updated for 'WidgetCarousel' in 0.0003 seconds. Added 0 classes and 0 folders.
[2020.07.12-02.42.57:780][  0]LogContentBrowser: Native class hierarchy updated for 'AddContentDialog' in 0.0003 seconds. Added 0 classes and 0 folders.
[2020.07.12-02.42.58:489][  0]LogSlate: Took 0.029195 seconds to synchronously load lazily loaded font '../../../Engine/Content/Slate/Fonts/Roboto-Regular.ttf' (155K)
[2020.07.12-02.42.58:803][  0]LogSlate: Took 0.044044 seconds to synchronously load lazily loaded font '../../../Engine/Content/Slate/Fonts/Roboto-Bold.ttf' (160K)
[2020.07.12-02.43.01:342][  0]LogRenderer: Reallocating scene render targets to support 1056x656 Format 9 NumSamples 1 (Frame:1).
[2020.07.12-02.43.12:195][  0]LogContentBrowser: Native class hierarchy updated for 'HierarchicalLODOutliner' in 0.0004 seconds. Added 1 classes and 2 folders.
[2020.07.12-02.43.12:195][  0]LogLoad: (Engine Initialization) Total time: 275.17 seconds
[2020.07.12-02.43.12:195][  0]LogLoad: (Engine Initialization) Total Blueprint compile time: 0.00 seconds
[2020.07.12-02.43.12:282][  0]LogExternalProfiler: No external profilers were discovered.  External profiling features will not be available.
[2020.07.12-02.43.14:144][  0]LogContentStreaming: Texture pool size now 800 MB
[2020.07.12-02.43.19:194][  7]LogAssetRegistry: Asset discovery search completed in 197.1614 seconds
[2020.07.12-02.43.19:303][  7]LogCollectionManager: Rebuilt the object cache for 0 collections in 0.000001 seconds (found 0 objects)
[2020.07.12-02.43.19:304][  7]LogCollectionManager: Fixed up redirectors for 0 collections in 0.032308 seconds (updated 0 objects)
[2020.07.12-02.46.38:706][721]LogSlate: Took 0.034559 seconds to synchronously load lazily loaded font '../../../Engine/Content/Editor/Slate/Fonts/FontAwesome.ttf' (139K)
[2020.07.12-02.47.40:331][937]LogSlate: Took 0.043097 seconds to synchronously load lazily loaded font '../../../Engine/Content/Slate/Fonts/Roboto-Light.ttf' (159K)
[2020.07.12-02.47.41:374][937]LogSlate: Took 0.027516 seconds to synchronously load lazily loaded font '../../../Engine/Content/Slate/Fonts/Roboto-Regular.ttf' (155K)
[2020.07.12-02.47.48:064][937]LogContentBrowser: Native class hierarchy updated for 'BlueprintGraph' in 0.0011 seconds. Added 116 classes and 0 folders.
[2020.07.12-02.47.52:949][937]LogSlate: Took 0.044431 seconds to synchronously load lazily loaded font '../../../Engine/Content/Editor/Slate/Fonts/Roboto-BoldCondensed.ttf' (158K)
[2020.07.12-02.47.54:739][938]LogSlate: Took 0.075542 seconds to synchronously load lazily loaded font '../../../Engine/Content/Editor/Slate/Fonts/Roboto-Italic.ttf' (157K)
[2020.07.12-02.49.16:958][704]LogSavePackage: Save=342.40ms
[2020.07.12-02.49.16:958][704]LogSavePackage: Moving '../../../../../GITHUB/UE4-Loco-multiplayer-Game/UE4_Loco_Multiplayer/Saved/ThirdPersonCharacter328A35364D3E4A17F9070C9C6738623A.tmp' to '../../../../../GITHUB/UE4-Loco-multiplayer-Game/UE4_Loco_Multiplayer/Content/ThirdPerson/ThirdPersonBP/Blueprints/ThirdPersonCharacter.uasset'
[2020.07.12-02.49.17:032][704]LogSavePackage: Display: Finished SavePackage ../../../../../GITHUB/UE4-Loco-multiplayer-Game/UE4_Loco_Multiplayer/Content/ThirdPerson/ThirdPersonBP/Blueprints/ThirdPersonCharacter.uasset
[2020.07.12-02.49.48:966][602]LogSavePackage: Save=77.53ms
[2020.07.12-02.49.48:966][602]LogSavePackage: Moving '../../../../../GITHUB/UE4-Loco-multiplayer-Game/UE4_Loco_Multiplayer/Saved/ThirdPersonCharacterA37693FD44B6E29663D9CAACA534F910.tmp' to '../../../../../GITHUB/UE4-Loco-multiplayer-Game/UE4_Loco_Multiplayer/Content/ThirdPerson/ThirdPersonBP/Blueprints/ThirdPersonCharacter.uasset'
[2020.07.12-02.49.48:967][602]LogSavePackage: Display: Finished SavePackage ../../../../../GITHUB/UE4-Loco-multiplayer-Game/UE4_Loco_Multiplayer/Content/ThirdPerson/ThirdPersonBP/Blueprints/ThirdPersonCharacter.uasset
[2020.07.12-02.49.59:228][119]LogAIModule: Creating AISystem for world NewMap
[2020.07.12-02.50.00:189][119]Cmd: MAP LOAD FILE="../../../../../GITHUB/UE4-Loco-multiplayer-Game/UE4_Loco_Multiplayer/Content/Maps/NewMap.umap" TEMPLATE=0 SHOWPROGRESS=1 FEATURELEVEL=2
[2020.07.12-02.50.00:191][119]LightingResults: New page: Lighting Build
[2020.07.12-02.50.00:264][119]LogContentBrowser: Native class hierarchy updated for 'StatsViewer' in 0.0004 seconds. Added 5 classes and 0 folders.
[2020.07.12-02.50.00:271][119]LoadErrors: New page: Loading map: NewMap.umap
[2020.07.12-02.50.00:360][119]MapCheck: New page: Map Check
[2020.07.12-02.50.00:360][119]LightingResults: New page: Lighting Build
[2020.07.12-02.50.01:011][119]LogEditorServer: Finished looking for orphan Actors (0.000 secs)
[2020.07.12-02.50.01:128][119]Cmd: MAP CHECKDEP NOCLEARLOG
[2020.07.12-02.50.01:212][119]MapCheck: Map check complete: 0 Error(s), 0 Warning(s), took 84.239ms to complete.
[2020.07.12-02.50.01:226][119]LogFileHelpers: Loading map 'NewMap' took 1.091
[2020.07.12-02.50.18:707][790]LogTemp: Repeating last play command: Selected Viewport
[2020.07.12-02.50.33:301][790]LogPlayLevel: PlayLevel: No blueprints needed recompiling
[2020.07.12-02.50.33:369][790]PIE: New page: PIE session: NewMap (Jul 12, 2020, 2:50:33 PM)
[2020.07.12-02.50.33:388][790]LogPlayLevel: Creating play world package: /Game/Maps/UEDPIE_0_NewMap
[2020.07.12-02.50.33:436][790]LogPlayLevel: PIE: StaticDuplicateObject took: (0.047975s)
[2020.07.12-02.50.33:437][790]LogAIModule: Creating AISystem for world NewMap
[2020.07.12-02.50.33:447][790]LogPlayLevel: PIE: World Init took: (0.011565s)
[2020.07.12-02.50.33:458][790]LogPlayLevel: PIE: Created PIE world by copying editor world from /Game/Maps/NewMap.NewMap to /Game/Maps/UEDPIE_0_NewMap.NewMap (0.070772s)
[2020.07.12-02.50.33:584][790]LogInit: XAudio2 using 'Speakers (2- High Definition Audio Device)' : 2 channels at 48 kHz using 16 bits per sample (channel mask 0x3)
[2020.07.12-02.50.33:614][790]LogInit: FAudioDevice initialized.
[2020.07.12-02.50.34:541][790]LogLoad: Game class is 'ThirdPersonGameMode_C'
[2020.07.12-02.50.34:954][790]LogWorld: Bringing World /Game/Maps/UEDPIE_0_NewMap.NewMap up for play (max tick rate 60) at 2020.07.12-08.50.34
[2020.07.12-02.50.34:982][790]LogWorld: Bringing up level for play took: 0.028530
[2020.07.12-02.50.35:361][790]LogContentBrowser: Native class hierarchy updated for 'MovieSceneCapture' in 0.0004 seconds. Added 11 classes and 0 folders.
[2020.07.12-02.50.35:530][790]PIE: Play in editor start time for /Game/Maps/UEDPIE_0_NewMap 2.402
[2020.07.12-02.50.54:991][391]LogTemp: Repeating last play command: Selected Viewport
[2020.07.12-02.50.55:030][391]LogPlayLevel: PlayLevel: No blueprints needed recompiling
[2020.07.12-02.50.55:030][391]PIE: New page: PIE session: NewMap (Jul 12, 2020, 2:50:55 PM)
[2020.07.12-02.50.55:030][391]LogPlayLevel: Creating play world package: /Game/Maps/UEDPIE_0_NewMap
[2020.07.12-02.50.55:053][391]LogPlayLevel: PIE: StaticDuplicateObject took: (0.021620s)
[2020.07.12-02.50.55:054][391]LogAIModule: Creating AISystem for world NewMap
[2020.07.12-02.50.55:054][391]LogPlayLevel: PIE: World Init took: (0.001446s)
[2020.07.12-02.50.55:055][391]LogPlayLevel: PIE: Created PIE world by copying editor world from /Game/Maps/NewMap.NewMap to /Game/Maps/UEDPIE_0_NewMap.NewMap (0.023637s)
[2020.07.12-02.50.55:096][391]LogInit: XAudio2 using 'Speakers (2- High Definition Audio Device)' : 2 channels at 48 kHz using 16 bits per sample (channel mask 0x3)
[2020.07.12-02.50.55:104][391]LogInit: FAudioDevice initialized.
[2020.07.12-02.50.55:136][391]LogLoad: Game class is 'ThirdPersonGameMode_C'
[2020.07.12-02.50.55:137][391]LogWorld: Bringing World /Game/Maps/UEDPIE_0_NewMap.NewMap up for play (max tick rate 60) at 2020.07.12-08.50.55
[2020.07.12-02.50.55:137][391]LogWorld: Bringing up level for play took: 0.000949
[2020.07.12-02.50.55:140][391]PIE: Play in editor start time for /Game/Maps/UEDPIE_0_NewMap 0.013
[2020.07.12-02.51.07:270][832]Cmd: Stat FPS
[2020.07.12-02.51.17:765][217]Cmd: Stat UNIT
[2020.07.12-02.52.24:782][952]LogSlate: Warning: Prevented a slow task dialog from being summoned while a context menu was open
[2020.07.12-02.52.39:629][434]BlueprintLog: New page: Compile NewBlueprint
[2020.07.12-02.52.41:892][471]LogSavePackage: Save=50.00ms
[2020.07.12-02.52.41:892][471]LogSavePackage: Moving '../../../../../GITHUB/UE4-Loco-multiplayer-Game/UE4_Loco_Multiplayer/Saved/NewBlueprint1277AD514D1438C56D96DA8E5F8AF70F.tmp' to '../../../../../GITHUB/UE4-Loco-multiplayer-Game/UE4_Loco_Multiplayer/Content/ThirdPerson/ThirdPersonBP/Blueprints/NewBlueprint.uasset'
[2020.07.12-02.52.41:895][471]LogSavePackage: Display: Finished SavePackage ../../../../../GITHUB/UE4-Loco-multiplayer-Game/UE4_Loco_Multiplayer/Content/ThirdPerson/ThirdPersonBP/Blueprints/NewBlueprint.uasset
[2020.07.12-02.52.46:903][712]LogSlate: Warning: Prevented a slow task dialog from being summoned while a context menu was open
[2020.07.12-02.53.08:044][962]LogMetaData: Removing '/Game/ThirdPerson/ThirdPersonBP/Blueprints/Gameplay_GM.Gameplay_GM:UserConstructionScript.K2Node_FunctionEntry_0' ref from Metadata '/Game/ThirdPerson/ThirdPersonBP/Blueprints/NewBlueprint.PackageMetaData'
[2020.07.12-02.53.08:045][962]LogMetaData: Removing '/Game/ThirdPerson/ThirdPersonBP/Blueprints/Gameplay_GM.SKEL_Gameplay_GM_C' ref from Metadata '/Game/ThirdPerson/ThirdPersonBP/Blueprints/NewBlueprint.PackageMetaData'
[2020.07.12-02.53.08:045][962]LogMetaData: Removing '/Game/ThirdPerson/ThirdPersonBP/Blueprints/Gameplay_GM.Gameplay_GM_C' ref from Metadata '/Game/ThirdPerson/ThirdPersonBP/Blueprints/NewBlueprint.PackageMetaData'
[2020.07.12-02.53.08:045][962]LogMetaData: Removing '/Game/ThirdPerson/ThirdPersonBP/Blueprints/Gameplay_GM.Gameplay_GM:EventGraph.K2Node_Event_0' ref from Metadata '/Game/ThirdPerson/ThirdPersonBP/Blueprints/NewBlueprint.PackageMetaData'
[2020.07.12-02.53.08:045][962]LogMetaData: Removing '/Game/ThirdPerson/ThirdPersonBP/Blueprints/Gameplay_GM.Gameplay_GM:EventGraph.K2Node_Event_1' ref from Metadata '/Game/ThirdPerson/ThirdPersonBP/Blueprints/NewBlueprint.PackageMetaData'
[2020.07.12-02.53.08:142][962]LogSavePackage: Save=44.07ms
[2020.07.12-02.53.08:142][962]LogSavePackage: Moving '../../../../../GITHUB/UE4-Loco-multiplayer-Game/UE4_Loco_Multiplayer/Saved/Gameplay_GM106C6F8A4DBB16B11DA83FB4E15E4595.tmp' to '../../../../../GITHUB/UE4-Loco-multiplayer-Game/UE4_Loco_Multiplayer/Content/ThirdPerson/ThirdPersonBP/Blueprints/Gameplay_GM.uasset'
[2020.07.12-02.53.08:144][962]LogSavePackage: Display: Finished SavePackage ../../../../../GITHUB/UE4-Loco-multiplayer-Game/UE4_Loco_Multiplayer/Content/ThirdPerson/ThirdPersonBP/Blueprints/Gameplay_GM.uasset
[2020.07.12-02.53.10:812][ 95]Cmd: OBJ SAVEPACKAGE PACKAGE="/Game/Maps/NewMap" FILE="../../../../../GITHUB/UE4-Loco-multiplayer-Game/UE4_Loco_Multiplayer/Content/Maps/NewMap.umap" SILENT=true AUTOSAVING=false KEEPDIRTY=false
[2020.07.12-02.53.10:911][ 95]LogSavePackage: Save=60.24ms
[2020.07.12-02.53.10:911][ 95]LogSavePackage: Moving '../../../../../GITHUB/UE4-Loco-multiplayer-Game/UE4_Loco_Multiplayer/Saved/NewMap63797B6A4D8D7ADD41FFB5A587D3CDCD.tmp' to '../../../../../GITHUB/UE4-Loco-multiplayer-Game/UE4_Loco_Multiplayer/Content/Maps/NewMap.umap'
[2020.07.12-02.53.10:928][ 95]LogSavePackage: Display: Finished SavePackage ../../../../../GITHUB/UE4-Loco-multiplayer-Game/UE4_Loco_Multiplayer/Content/Maps/NewMap.umap
[2020.07.12-02.53.10:980][ 95]Cmd: OBJ SAVEPACKAGE PACKAGE="/Game/Maps/NewMap_BuiltData" FILE="../../../../../GITHUB/UE4-Loco-multiplayer-Game/UE4_Loco_Multiplayer/Content/Maps/NewMap_BuiltData.uasset" SILENT=true
[2020.07.12-02.53.11:051][ 95]LogSavePackage: Save=59.71ms
[2020.07.12-02.53.11:051][ 95]LogSavePackage: Moving '../../../../../GITHUB/UE4-Loco-multiplayer-Game/UE4_Loco_Multiplayer/Saved/NewMap_BuiltData8653868D45C05743C9FEF79EEE5C8E55.tmp' to '../../../../../GITHUB/UE4-Loco-multiplayer-Game/UE4_Loco_Multiplayer/Content/Maps/NewMap_BuiltData.uasset'
[2020.07.12-02.53.11:053][ 95]LogSavePackage: Display: Finished SavePackage ../../../../../GITHUB/UE4-Loco-multiplayer-Game/UE4_Loco_Multiplayer/Content/Maps/NewMap_BuiltData.uasset
[2020.07.12-02.53.12:587][184]LogTemp: Repeating last play command: Selected Viewport
[2020.07.12-02.53.12:689][184]LogPlayLevel: PlayLevel: No blueprints needed recompiling
[2020.07.12-02.53.12:689][184]PIE: New page: PIE session: NewMap (Jul 12, 2020, 2:53:12 PM)
[2020.07.12-02.53.12:689][184]LogPlayLevel: Creating play world package: /Game/Maps/UEDPIE_0_NewMap
[2020.07.12-02.53.12:703][184]LogPlayLevel: PIE: StaticDuplicateObject took: (0.013194s)
[2020.07.12-02.53.12:704][184]LogAIModule: Creating AISystem for world NewMap
[2020.07.12-02.53.12:704][184]LogPlayLevel: PIE: World Init took: (0.001733s)
[2020.07.12-02.53.12:705][184]LogPlayLevel: PIE: Created PIE world by copying editor world from /Game/Maps/NewMap.NewMap to /Game/Maps/UEDPIE_0_NewMap.NewMap (0.015476s)
[2020.07.12-02.53.12:737][184]LogInit: XAudio2 using 'Speakers (2- High Definition Audio Device)' : 2 channels at 48 kHz using 16 bits per sample (channel mask 0x3)
[2020.07.12-02.53.12:746][184]LogInit: FAudioDevice initialized.
[2020.07.12-02.53.12:778][184]LogLoad: Game class is 'Gameplay_GM_C'
[2020.07.12-02.53.12:779][184]LogWorld: Bringing World /Game/Maps/UEDPIE_0_NewMap.NewMap up for play (max tick rate 60) at 2020.07.12-08.53.12
[2020.07.12-02.53.12:779][184]LogWorld: Bringing up level for play took: 0.001059
[2020.07.12-02.53.12:859][184]PIE: Play in editor start time for /Game/Maps/UEDPIE_0_NewMap -0.27
[2020.07.12-02.55.48:641][106]LogActorComponent: UnregisterComponent: (/Engine/Transient.EditorFloorComp) Not registered. Aborting.
[2020.07.12-02.55.49:102][106]LogWindowsTextInputMethodSystem: Display: IME system now deactivated.
[2020.07.12-02.55.57:549][107]Cmd: QUIT_EDITOR
[2020.07.12-02.56.00:560][107]LogExit: Preparing to exit.
[2020.07.12-02.56.07:904][107]LogDirectoryWatcher: A directory notification for 'E:/GameDev/Unreal/GITHUB/UE4-Loco-multiplayer-Game/UE4_Loco_Multiplayer/Content/' was aborted.
[2020.07.12-02.56.13:728][107]LogExit: Editor shut down
[2020.07.12-02.56.13:892][107]LogExit: Transaction tracking system shut down
[2020.07.12-02.56.15:167][107]LogDirectoryWatcher: A directory notification for '../../../Engine/Content/' was aborted.
[2020.07.12-02.56.15:168][107]LogDirectoryWatcher: A directory notification for '../../../../../GITHUB/UE4-Loco-multiplayer-Game/UE4_Loco_Multiplayer/Content/' was aborted.
[2020.07.12-02.56.15:168][107]LogDirectoryWatcher: A directory notification for '../../../Engine/Plugins/2D/Paper2D/Content/' was aborted.
[2020.07.12-02.56.15:168][107]LogDirectoryWatcher: A directory notification for '../../../Engine/Plugins/Media/MediaCompositing/Content/' was aborted.
[2020.07.12-02.56.15:168][107]LogDirectoryWatcher: A directory notification for '../../../Engine/Plugins/Runtime/AppleARKit/Content/' was aborted.
[2020.07.12-02.56.15:168][107]LogDirectoryWatcher: A directory notification for '../../../Engine/Plugins/Runtime/Oculus/OculusVR/Content/' was aborted.
[2020.07.12-02.56.15:168][107]LogDirectoryWatcher: A directory notification for '../../../Engine/Plugins/Runtime/Steam/SteamVR/Content/' was aborted.
[2020.07.12-02.56.19:567][107]LogExit: Object subsystem successfully closed.
[2020.07.12-02.56.20:138][107]LogD3D11RHI: Shutdown
[2020.07.12-02.56.20:150][107]LogD3D11RHI: CleanupD3DDevice
[2020.07.12-02.56.20:188][107]LogD3D11RHI: ~FD3D11DynamicRHI
[2020.07.12-02.56.21:202][107]LogModuleManager: Shutting down and abandoning module MovieSceneCapture (552)
[2020.07.12-02.56.21:202][107]LogModuleManager: Shutting down and abandoning module StatsViewer (550)
[2020.07.12-02.56.21:220][107]LogModuleManager: Shutting down and abandoning module BlueprintGraph (548)
[2020.07.12-02.56.21:220][107]LogModuleManager: Shutting down and abandoning module HierarchicalLODOutliner (546)
[2020.07.12-02.56.21:220][107]LogModuleManager: Shutting down and abandoning module AddContentDialog (544)
[2020.07.12-02.56.21:233][107]LogDirectoryWatcher: A directory notification for 'E:/GameDev/Unreal/Engine/UE_4.18/FeaturePacks/' was aborted.
[2020.07.12-02.56.21:326][107]LogModuleManager: Shutting down and abandoning module WidgetCarousel (543)
[2020.07.12-02.56.21:326][107]LogModuleManager: Shutting down and abandoning module EditorWidgets (540)
[2020.07.12-02.56.21:326][107]LogModuleManager: Shutting down and abandoning module CollectionManager (538)
[2020.07.12-02.56.21:361][107]LogDirectoryWatcher: A directory notification for 'E:/GameDev/Unreal/GITHUB/UE4-Loco-multiplayer-Game/UE4_Loco_Multiplayer/Content/Collections/' was aborted.
[2020.07.12-02.56.21:361][107]LogDirectoryWatcher: A directory notification for 'E:/GameDev/Unreal/GITHUB/UE4-Loco-multiplayer-Game/UE4_Loco_Multiplayer/Content/Developers/farha/Collections/' was aborted.
[2020.07.12-02.56.21:361][107]LogDirectoryWatcher: A directory notification for 'E:/GameDev/Unreal/GITHUB/UE4-Loco-multiplayer-Game/UE4_Loco_Multiplayer/Saved/Collections/' was aborted.
[2020.07.12-02.56.21:362][107]LogModuleManager: Shutting down and abandoning module SceneOutliner (536)
[2020.07.12-02.56.21:372][107]LogModuleManager: Shutting down and abandoning module FoliageEdit (534)
[2020.07.12-02.56.21:377][107]LogModuleManager: Shutting down and abandoning module LandscapeEditor (532)
[2020.07.12-02.56.21:447][107]LogModuleManager: Shutting down and abandoning module MeshPaintMode (530)
[2020.07.12-02.56.21:455][107]LogModuleManager: Shutting down and abandoning module SceneDepthPickerMode (528)
[2020.07.12-02.56.21:455][107]LogModuleManager: Shutting down and abandoning module ActorPickerMode (526)
[2020.07.12-02.56.21:455][107]LogModuleManager: Shutting down and abandoning module GeometryMode (524)
[2020.07.12-02.56.21:455][107]LogModuleManager: Shutting down and abandoning module TextureAlignMode (522)
[2020.07.12-02.56.21:455][107]LogModuleManager: Shutting down and abandoning module BspMode (520)
[2020.07.12-02.56.21:455][107]LogModuleManager: Shutting down and abandoning module PIEPreviewDeviceProfileSelector (518)
[2020.07.12-02.56.21:455][107]LogModuleManager: Shutting down and abandoning module HardwareSurvey (516)
[2020.07.12-02.56.21:455][107]LogModuleManager: Shutting down and abandoning module SequenceRecorderSections (514)
[2020.07.12-02.56.21:469][107]LogModuleManager: Shutting down and abandoning module AutomationWorker (512)
[2020.07.12-02.56.21:483][107]LogModuleManager: Shutting down and abandoning module MatineeToLevelSequence (510)
[2020.07.12-02.56.21:497][107]LogModuleManager: Shutting down and abandoning module LevelSequenceEditor (508)
[2020.07.12-02.56.21:545][107]LogModuleManager: Shutting down and abandoning module PlacementMode (507)
[2020.07.12-02.56.21:545][107]LogModuleManager: Shutting down and abandoning module WmfMediaFactory (504)
[2020.07.12-02.56.21:545][107]LogModuleManager: Shutting down and abandoning module WmfMediaEditor (502)
[2020.07.12-02.56.21:545][107]LogModuleManager: Shutting down and abandoning module OpenExrWrapper (500)
[2020.07.12-02.56.21:545][107]LogModuleManager: Shutting down and abandoning module ImgMediaFactory (498)
[2020.07.12-02.56.21:545][107]LogModuleManager: Shutting down and abandoning module ImgMediaEditor (496)
[2020.07.12-02.56.21:545][107]LogModuleManager: Shutting down and abandoning module AvfMediaFactory (494)
[2020.07.12-02.56.21:545][107]LogModuleManager: Shutting down and abandoning module AvfMediaEditor (492)
[2020.07.12-02.56.21:545][107]LogModuleManager: Shutting down and abandoning module AndroidMediaFactory (490)
[2020.07.12-02.56.21:545][107]LogModuleManager: Shutting down and abandoning module AndroidMediaEditor (488)
[2020.07.12-02.56.21:545][107]LogModuleManager: Shutting down and abandoning module CharacterAI (486)
[2020.07.12-02.56.21:545][107]LogModuleManager: Shutting down and abandoning module AudioCapture (484)
[2020.07.12-02.56.21:550][107]LogModuleManager: Shutting down and abandoning module SequenceRecorder (483)
[2020.07.12-02.56.21:558][107]LogModuleManager: Shutting down and abandoning module SmartSnapping (480)
[2020.07.12-02.56.21:558][107]LogModuleManager: Shutting down and abandoning module SessionServices (478)
[2020.07.12-02.56.21:558][107]LogModuleManager: Shutting down and abandoning module ViewportSnapping (476)
[2020.07.12-02.56.21:558][107]LogModuleManager: Shutting down and abandoning module ViewportInteraction (474)
[2020.07.12-02.56.21:558][107]LogModuleManager: Shutting down and abandoning module ClothPainter (472)
[2020.07.12-02.56.21:577][107]LogModuleManager: Shutting down and abandoning module SkeletalMeshEditor (471)
[2020.07.12-02.56.21:594][107]LogModuleManager: Shutting down and abandoning module LogVisualizer (468)
[2020.07.12-02.56.21:617][107]LogModuleManager: Shutting down and abandoning module IntroTutorials (466)
[2020.07.12-02.56.21:651][107]LogModuleManager: Shutting down and abandoning module GameProjectGeneration (465)
[2020.07.12-02.56.21:665][107]LogModuleManager: Shutting down and abandoning module IOSPlatformEditor (462)
[2020.07.12-02.56.21:665][107]LogModuleManager: Shutting down and abandoning module HTML5PlatformEditor (460)
[2020.07.12-02.56.21:665][107]LogModuleManager: Shutting down and abandoning module AndroidPlatformEditor (458)
[2020.07.12-02.56.21:665][107]LogModuleManager: Shutting down and abandoning module AndroidDeviceDetection (457)
[2020.07.12-02.56.21:916][107]LogModuleManager: Shutting down and abandoning module WindowsPlatformEditor (454)
[2020.07.12-02.56.21:917][107]LogModuleManager: Shutting down and abandoning module IOSRuntimeSettings (452)
[2020.07.12-02.56.21:917][107]LogModuleManager: Shutting down and abandoning module AndroidRuntimeSettings (450)
[2020.07.12-02.56.21:917][107]LogModuleManager: Shutting down and abandoning module InputBindingEditor (448)
[2020.07.12-02.56.21:927][107]LogModuleManager: Shutting down and abandoning module MergeActors (446)
[2020.07.12-02.56.21:942][107]LogModuleManager: Shutting down and abandoning module SizeMap (444)
[2020.07.12-02.56.21:942][107]LogModuleManager: Shutting down and abandoning module TreeMap (442)
[2020.07.12-02.56.21:959][107]LogModuleManager: Shutting down and abandoning module ReferenceViewer (440)
[2020.07.12-02.56.21:959][107]LogModuleManager: Shutting down and abandoning module LocalizationDashboard (438)
[2020.07.12-02.56.21:974][107]LogModuleManager: Shutting down and abandoning module LocalizationService (437)
[2020.07.12-02.56.21:982][107]LogModuleManager: Shutting down and abandoning module HardwareTargeting (434)
[2020.07.12-02.56.21:982][107]LogModuleManager: Shutting down and abandoning module DeviceProfileEditor (432)
[2020.07.12-02.56.21:983][107]LogModuleManager: Shutting down and abandoning module UndoHistory (430)
[2020.07.12-02.56.21:983][107]LogModuleManager: Shutting down and abandoning module XmlParser (428)
[2020.07.12-02.56.21:990][107]LogModuleManager: Shutting down and abandoning module Blutility (426)
[2020.07.12-02.56.21:990][107]LogModuleManager: Shutting down and abandoning module ProjectSettingsViewer (424)
[2020.07.12-02.56.21:990][107]LogModuleManager: Shutting down and abandoning module ProjectTargetPlatformEditor (423)
[2020.07.12-02.56.21:990][107]LogModuleManager: Shutting down and abandoning module EditorSettingsViewer (420)
[2020.07.12-02.56.21:990][107]LogModuleManager: Shutting down and abandoning module SettingsEditor (418)
[2020.07.12-02.56.22:029][107]LogModuleManager: Shutting down and abandoning module ProjectLauncher (416)
[2020.07.12-02.56.22:044][107]LogModuleManager: Shutting down and abandoning module SessionFrontend (414)
[2020.07.12-02.56.22:057][107]LogModuleManager: Shutting down and abandoning module ProfilerClient (412)
[2020.07.12-02.56.22:064][107]LogModuleManager: Shutting down and abandoning module DeviceManager (410)
[2020.07.12-02.56.22:075][107]LogModuleManager: Shutting down and abandoning module TargetDeviceServices (409)
[2020.07.12-02.56.22:178][107]LogModuleManager: Shutting down and abandoning module AutomationController (406)
[2020.07.12-02.56.22:219][107]LogModuleManager: Shutting down and abandoning module AutomationWindow (404)
[2020.07.12-02.56.22:271][107]LogModuleManager: Shutting down and abandoning module Layers (402)
[2020.07.12-02.56.22:398][107]LogModuleManager: Shutting down and abandoning module ComponentVisualizers (400)
[2020.07.12-02.56.22:398][107]LogModuleManager: Shutting down and abandoning module DetailCustomizations (398)
[2020.07.12-02.56.22:418][107]LogModuleManager: Shutting down and abandoning module PackagesDialog (396)
[2020.07.12-02.56.22:439][107]LogModuleManager: Shutting down and abandoning module Persona (394)
[2020.07.12-02.56.22:467][107]LogModuleManager: Shutting down and abandoning module AdvancedPreviewScene (393)
[2020.07.12-02.56.22:467][107]LogModuleManager: Shutting down and abandoning module AnimGraph (391)
[2020.07.12-02.56.22:467][107]LogModuleManager: Shutting down and abandoning module Kismet (388)
[2020.07.12-02.56.22:501][107]LogModuleManager: Shutting down and abandoning module ClassViewer (386)
[2020.07.12-02.56.22:502][107]LogModuleManager: Shutting down and abandoning module Toolbox (384)
[2020.07.12-02.56.22:502][107]LogModuleManager: Shutting down and abandoning module ModuleUI (382)
[2020.07.12-02.56.22:528][107]LogModuleManager: Shutting down and abandoning module MovieSceneTools (380)
[2020.07.12-02.56.22:558][107]LogModuleManager: Shutting down and abandoning module OutputLog (378)
[2020.07.12-02.56.22:570][107]LogModuleManager: Shutting down and abandoning module GammaUI (376)
[2020.07.12-02.56.22:573][107]LogModuleManager: Shutting down and abandoning module Documentation (374)
[2020.07.12-02.56.22:573][107]LogModuleManager: Shutting down and abandoning module MovieSceneTracks (372)
[2020.07.12-02.56.22:573][107]LogModuleManager: Shutting down and abandoning module MovieScene (370)
[2020.07.12-02.56.22:573][107]LogModuleManager: Shutting down and abandoning module StreamingPauseRendering (368)
[2020.07.12-02.56.22:573][107]LogModuleManager: Shutting down and abandoning module LauncherPlatform (366)
[2020.07.12-02.56.22:573][107]LogModuleManager: Shutting down and abandoning module AnalyticsET (364)
[2020.07.12-02.56.22:573][107]LogModuleManager: Shutting down and abandoning module PortalServices (362)
[2020.07.12-02.56.22:573][107]LogModuleManager: Shutting down and abandoning module PortalRpc (360)
[2020.07.12-02.56.22:573][107]LogModuleManager: Shutting down and abandoning module MessagingRpc (358)
[2020.07.12-02.56.22:573][107]LogModuleManager: Shutting down and abandoning module AIModule (356)
[2020.07.12-02.56.22:573][107]LogModuleManager: Shutting down and abandoning module GameplayDebugger (355)
[2020.07.12-02.56.22:573][107]LogModuleManager: Shutting down and abandoning module AITestSuite (353)
[2020.07.12-02.56.22:586][107]LogModuleManager: Shutting down and abandoning module DesktopPlatform (350)
[2020.07.12-02.56.22:586][107]LogModuleManager: Shutting down and abandoning module ProfilerService (348)
[2020.07.12-02.56.22:760][107]LogModuleManager: Shutting down and abandoning module TaskGraph (346)
[2020.07.12-02.56.22:785][107]LogModuleManager: Shutting down and abandoning module SteamVRController (344)
[2020.07.12-02.56.22:785][107]LogModuleManager: Shutting down and abandoning module ProceduralMeshComponentEditor (342)
[2020.07.12-02.56.22:785][107]LogModuleManager: Shutting down and abandoning module ProceduralMeshComponent (340)
[2020.07.12-02.56.22:793][107]LogModuleManager: Shutting down and abandoning module OculusInput (338)
[2020.07.12-02.56.22:804][107]LogModuleManager: Shutting down and abandoning module MobilePatchingUtils (336)
[2020.07.12-02.56.22:804][107]LogModuleManager: Shutting down and abandoning module CustomMeshComponent (334)
[2020.07.12-02.56.22:804][107]LogModuleManager: Shutting down and abandoning module CableComponent (332)
[2020.07.12-02.56.22:811][107]LogModuleManager: Shutting down and abandoning module ArchVisCharacter (330)
[2020.07.12-02.56.22:811][107]LogModuleManager: Shutting down and abandoning module AndroidPermission (328)
[2020.07.12-02.56.22:811][107]LogModuleManager: Shutting down and abandoning module ActorSequence (324)
[2020.07.12-02.56.22:811][107]LogModuleManager: Shutting down and abandoning module MediaPlayerEditor (322)
[2020.07.12-02.56.22:835][107]LogModuleManager: Shutting down and abandoning module MediaCompositingEditor (320)
[2020.07.12-02.56.22:835][107]LogModuleManager: Shutting down and abandoning module MediaCompositing (318)
[2020.07.12-02.56.22:835][107]LogModuleManager: Shutting down and abandoning module HTML5Networking (316)
[2020.07.12-02.56.22:835][107]LogModuleManager: Shutting down and abandoning module AlembicImporter (314)
[2020.07.12-02.56.22:845][107]LogModuleManager: Shutting down and abandoning module AlembicLibrary (313)
[2020.07.12-02.56.22:845][107]LogModuleManager: Shutting down and abandoning module GeometryCache (312)
[2020.07.12-02.56.22:846][107]LogModuleManager: Shutting down and abandoning module GeometryCacheEd (311)
[2020.07.12-02.56.22:846][107]LogModuleManager: Shutting down and abandoning module SpeedTreeImporter (306)
[2020.07.12-02.56.22:846][107]LogModuleManager: Shutting down and abandoning module PluginBrowser (304)
[2020.07.12-02.56.22:875][107]LogModuleManager: Shutting down and abandoning module MobileLauncherProfileWizard (302)
[2020.07.12-02.56.22:883][107]LogModuleManager: Shutting down and abandoning module VisualStudioSourceCodeAccess (300)
[2020.07.12-02.56.22:883][107]LogModuleManager: Shutting down and abandoning module VisualStudioCodeSourceCodeAccess (298)
[2020.07.12-02.56.22:883][107]LogModuleManager: Shutting down and abandoning module UObjectPlugin (296)
[2020.07.12-02.56.22:883][107]LogModuleManager: Shutting down and abandoning module SubversionSourceControl (294)
[2020.07.12-02.56.22:895][107]LogModuleManager: Shutting down and abandoning module PerforceSourceControl (292)
[2020.07.12-02.56.22:906][107]LogModuleManager: Shutting down and abandoning module GitSourceControl (290)
[2020.07.12-02.56.22:926][107]LogModuleManager: Shutting down and abandoning module SourceControl (289)
[2020.07.12-02.56.22:944][107]LogModuleManager: Shutting down and abandoning module LightPropagationVolumeEditor (286)
[2020.07.12-02.56.22:945][107]LogModuleManager: Shutting down and abandoning module PaperTiledImporter (284)
[2020.07.12-02.56.22:945][107]LogModuleManager: Shutting down and abandoning module PaperSpriteSheetImporter (282)
[2020.07.12-02.56.22:945][107]LogModuleManager: Shutting down and abandoning module Paper2DEditor (280)
[2020.07.12-02.56.22:972][107]LogModuleManager: Shutting down and abandoning module MeshPaint (279)
[2020.07.12-02.56.22:986][107]LogModuleManager: Shutting down and abandoning module LevelEditor (277)
[2020.07.12-02.56.23:008][107]LogModuleManager: Shutting down and abandoning module PixelInspectorModule (276)
[2020.07.12-02.56.23:050][107]LogModuleManager: Shutting down and abandoning module MainFrame (274)
[2020.07.12-02.56.23:057][107]LogModuleManager: Shutting down and abandoning module HotReload (273)
[2020.07.12-02.56.23:075][107]LogModuleManager: Shutting down and abandoning module RuntimePhysXCooking (268)
[2020.07.12-02.56.23:075][107]LogModuleManager: Shutting down and abandoning module PhysXVehiclesEditor (266)
[2020.07.12-02.56.23:075][107]LogModuleManager: Shutting down and abandoning module PhysXVehicles (264)
[2020.07.12-02.56.23:075][107]LogModuleManager: Shutting down and abandoning module OculusEditor (262)
[2020.07.12-02.56.23:075][107]LogModuleManager: Shutting down and abandoning module LocationServicesBPLibrary (260)
[2020.07.12-02.56.23:075][107]LogModuleManager: Shutting down and abandoning module ImmediatePhysicsEditor (258)
[2020.07.12-02.56.23:075][107]LogModuleManager: Shutting down and abandoning module ImmediatePhysics (256)
[2020.07.12-02.56.23:091][107]LogModuleManager: Shutting down and abandoning module UdpMessaging (254)
[2020.07.12-02.56.23:207][107]LogModuleManager: Shutting down and abandoning module TcpMessaging (252)
[2020.07.12-02.56.23:320][107]LogModuleManager: Shutting down and abandoning module GameplayTagsEditor (250)
[2020.07.12-02.56.23:464][107]LogModuleManager: Shutting down and abandoning module FacialAnimationEditor (248)
[2020.07.12-02.56.23:464][107]LogModuleManager: Shutting down and abandoning module FacialAnimation (246)
[2020.07.12-02.56.23:464][107]LogModuleManager: Shutting down and abandoning module AssetManagerEditor (244)
[2020.07.12-02.56.23:510][107]LogModuleManager: Shutting down and abandoning module GraphEditor (243)
[2020.07.12-02.56.23:510][107]LogModuleManager: Shutting down and abandoning module ContentBrowser (241)
[2020.07.12-02.56.23:609][107]LogModuleManager: Shutting down and abandoning module LightPropagationVolumeRuntime (238)
[2020.07.12-02.56.23:609][107]LogModuleManager: Shutting down and abandoning module Paper2D (236)
[2020.07.12-02.56.23:609][107]LogModuleManager: Shutting down and abandoning module WindowsMoviePlayer (234)
[2020.07.12-02.56.23:631][107]LogModuleManager: Shutting down and abandoning module WmfMedia (232)
[2020.07.12-02.56.23:644][107]LogModuleManager: Shutting down and abandoning module ImgMedia (230)
[2020.07.12-02.56.23:644][107]LogModuleManager: Shutting down and abandoning module PacketHandler (228)
[2020.07.12-02.56.23:644][107]LogModuleManager: Shutting down and abandoning module ClothingSystemEditor (226)
[2020.07.12-02.56.23:645][107]LogModuleManager: Shutting down and abandoning module ClothingSystemRuntime (224)
[2020.07.12-02.56.23:665][107]LogModuleManager: Shutting down and abandoning module MediaAssets (222)
[2020.07.12-02.56.23:665][107]LogModuleManager: Shutting down and abandoning module Media (221)
[2020.07.12-02.56.23:671][107]LogModuleManager: Shutting down and abandoning module Overlay (218)
[2020.07.12-02.56.23:672][107]LogModuleManager: Shutting down and abandoning module OverlayEditor (217)
[2020.07.12-02.56.23:672][107]LogModuleManager: Shutting down and abandoning module VREditor (214)
[2020.07.12-02.56.23:690][107]LogModuleManager: Shutting down and abandoning module StringTableEditor (212)
[2020.07.12-02.56.23:701][107]LogModuleManager: Shutting down and abandoning module GameplayTasksEditor (210)
[2020.07.12-02.56.23:701][107]LogModuleManager: Shutting down and abandoning module BehaviorTreeEditor (208)
[2020.07.12-02.56.23:740][107]LogModuleManager: Shutting down and abandoning module FunctionalTesting (206)
[2020.07.12-02.56.23:748][107]LogModuleManager: Shutting down and abandoning module CollisionAnalyzer (204)
[2020.07.12-02.56.23:772][107]LogModuleManager: Shutting down and abandoning module WorkspaceMenuStructure (203)
[2020.07.12-02.56.23:772][107]LogModuleManager: Shutting down and abandoning module UMG (200)
[2020.07.12-02.56.23:814][107]LogModuleManager: Shutting down and abandoning module UMGEditor (199)
[2020.07.12-02.56.23:862][107]LogModuleManager: Shutting down and abandoning module Sequencer (198)
[2020.07.12-02.56.23:908][107]LogModuleManager: Shutting down and abandoning module MessageLog (195)
[2020.07.12-02.56.23:908][107]LogModuleManager: Shutting down and abandoning module SlateReflector (190)
[2020.07.12-02.56.23:947][107]LogModuleManager: Shutting down and abandoning module Slate (188)
[2020.07.12-02.56.23:947][107]LogModuleManager: Shutting down and abandoning module EditorStyle (186)
[2020.07.12-02.56.23:996][107]LogModuleManager: Shutting down and abandoning module MRMesh (184)
[2020.07.12-02.56.23:996][107]LogModuleManager: Shutting down and abandoning module SourceCodeAccess (182)
[2020.07.12-02.56.23:996][107]LogModuleManager: Shutting down and abandoning module HeadMountedDisplay (180)
[2020.07.12-02.56.23:996][107]LogModuleManager: Shutting down and abandoning module XAudio2 (178)
[2020.07.12-02.56.23:996][107]LogModuleManager: Shutting down and abandoning module Networking (176)
[2020.07.12-02.56.23:996][107]LogModuleManager: Shutting down and abandoning module Core (172)
[2020.07.12-02.56.23:996][107]LogModuleManager: Shutting down and abandoning module LevelSequence (168)
[2020.07.12-02.56.24:012][107]LogModuleManager: Shutting down and abandoning module DirectoryWatcher (166)
[2020.07.12-02.56.24:059][107]LogModuleManager: Shutting down and abandoning module KismetCompiler (164)
[2020.07.12-02.56.24:059][107]LogModuleManager: Shutting down and abandoning module MeshUtilities (162)
[2020.07.12-02.56.24:280][107]LogModuleManager: Shutting down and abandoning module MeshMergeUtilities (161)
[2020.07.12-02.56.24:339][107]LogModuleManager: Shutting down and abandoning module MeshReductionInterface (160)
[2020.07.12-02.56.24:339][107]LogModuleManager: Shutting down and abandoning module SimplygonSwarm (159)
[2020.07.12-02.56.24:355][107]LogModuleManager: Shutting down and abandoning module SimplygonMeshReduction (157)
[2020.07.12-02.56.24:355][107]LogModuleManager: Shutting down and abandoning module QuadricMeshReduction (155)
[2020.07.12-02.56.24:365][107]LogModuleManager: Shutting down and abandoning module MaterialBaking (151)
[2020.07.12-02.56.24:412][107]LogModuleManager: Shutting down and abandoning module DerivedDataCache (148)
[2020.07.12-02.56.24:485][107]LogDerivedDataCache: Shutdown
[2020.07.12-02.56.24:486][107]LogModuleManager: Shutting down and abandoning module TargetPlatform (146)
[2020.07.12-02.56.24:511][107]LogModuleManager: Shutting down and abandoning module VulkanShaderFormat (145)
[2020.07.12-02.56.24:568][107]LogModuleManager: Shutting down and abandoning module ShaderFormatVectorVM (143)
[2020.07.12-02.56.24:582][107]LogModuleManager: Shutting down and abandoning module ShaderFormatOpenGL (141)
[2020.07.12-02.56.24:595][107]LogModuleManager: Shutting down and abandoning module ShaderFormatD3D (139)
[2020.07.12-02.56.24:625][107]LogModuleManager: Shutting down and abandoning module MetalShaderFormat (137)
[2020.07.12-02.56.24:662][107]LogModuleManager: Shutting down and abandoning module TextureFormatUncompressed (135)
[2020.07.12-02.56.24:691][107]LogModuleManager: Shutting down and abandoning module TextureFormatPVR (133)
[2020.07.12-02.56.24:700][107]LogModuleManager: Shutting down and abandoning module TextureFormatDXT (131)
[2020.07.12-02.56.24:700][107]LogModuleManager: Shutting down and abandoning module TextureFormatIntelISPCTexComp (129)
[2020.07.12-02.56.24:835][107]LogModuleManager: Shutting down and abandoning module TextureFormatASTC (127)
[2020.07.12-02.56.24:835][107]LogModuleManager: Shutting down and abandoning module ImageWrapper (126)
[2020.07.12-02.56.24:835][107]LogModuleManager: Shutting down and abandoning module TextureFormatAndroid (123)
[2020.07.12-02.56.24:876][107]LogModuleManager: Shutting down and abandoning module AudioFormatOpus (121)
[2020.07.12-02.56.24:876][107]LogModuleManager: Shutting down and abandoning module AudioFormatOgg (119)
[2020.07.12-02.56.24:890][107]LogModuleManager: Shutting down and abandoning module AudioFormatADPCM (117)
[2020.07.12-02.56.24:897][107]LogModuleManager: Shutting down and abandoning module LinuxTargetPlatform (115)
[2020.07.12-02.56.24:897][107]LogModuleManager: Shutting down and abandoning module LinuxServerTargetPlatform (113)
[2020.07.12-02.56.24:910][107]LogModuleManager: Shutting down and abandoning module LinuxNoEditorTargetPlatform (111)
[2020.07.12-02.56.24:927][107]LogModuleManager: Shutting down and abandoning module LinuxClientTargetPlatform (109)
[2020.07.12-02.56.24:933][107]LogModuleManager: Shutting down and abandoning module TVOSTargetPlatform (107)
[2020.07.12-02.56.24:933][107]LogModuleManager: Shutting down and abandoning module Messaging (105)
[2020.07.12-02.56.24:948][107]LogModuleManager: Shutting down and abandoning module IOSTargetPlatform (103)
[2020.07.12-02.56.24:948][107]LogModuleManager: Shutting down and abandoning module HTML5TargetPlatform (101)
[2020.07.12-02.56.24:981][107]LogModuleManager: Shutting down and abandoning module AndroidTargetPlatform (99)
[2020.07.12-02.56.24:982][107]LogModuleManager: Shutting down and abandoning module Android_PVRTCTargetPlatform (97)
[2020.07.12-02.56.24:982][107]LogModuleManager: Shutting down and abandoning module Android_MultiTargetPlatform (95)
[2020.07.12-02.56.24:982][107]LogModuleManager: Shutting down and abandoning module Android_ETC2TargetPlatform (93)
[2020.07.12-02.56.24:982][107]LogModuleManager: Shutting down and abandoning module Android_ETC1TargetPlatform (91)
[2020.07.12-02.56.24:982][107]LogModuleManager: Shutting down and abandoning module Android_DXTTargetPlatform (89)
[2020.07.12-02.56.24:982][107]LogModuleManager: Shutting down and abandoning module Android_ATCTargetPlatform (87)
[2020.07.12-02.56.24:982][107]LogModuleManager: Shutting down and abandoning module Android_ASTCTargetPlatform (85)
[2020.07.12-02.56.24:982][107]LogModuleManager: Shutting down and abandoning module WindowsTargetPlatform (83)
[2020.07.12-02.56.24:982][107]LogModuleManager: Shutting down and abandoning module WindowsServerTargetPlatform (81)
[2020.07.12-02.56.24:994][107]LogModuleManager: Shutting down and abandoning module WindowsNoEditorTargetPlatform (79)
[2020.07.12-02.56.25:026][107]LogModuleManager: Shutting down and abandoning module WindowsClientTargetPlatform (77)
[2020.07.12-02.56.25:033][107]LogModuleManager: Shutting down and abandoning module MacTargetPlatform (75)
[2020.07.12-02.56.25:033][107]LogModuleManager: Shutting down and abandoning module MacServerTargetPlatform (73)
[2020.07.12-02.56.25:033][107]LogModuleManager: Shutting down and abandoning module MacNoEditorTargetPlatform (71)
[2020.07.12-02.56.25:033][107]LogModuleManager: Shutting down and abandoning module MacClientTargetPlatform (69)
[2020.07.12-02.56.25:033][107]LogModuleManager: Shutting down and abandoning module AllDesktopTargetPlatform (67)
[2020.07.12-02.56.25:033][107]LogModuleManager: Shutting down and abandoning module InputCore (64)
[2020.07.12-02.56.25:033][107]LogModuleManager: Shutting down and abandoning module Settings (62)
[2020.07.12-02.56.25:034][107]LogModuleManager: Shutting down and abandoning module PhysXCooking (60)
[2020.07.12-02.56.25:034][107]LogModuleManager: Shutting down and abandoning module SteamVR (58)
[2020.07.12-02.56.25:034][107]LogModuleManager: Shutting down and abandoning module OculusHMD (56)
[2020.07.12-02.56.25:043][107]LogModuleManager: Shutting down and abandoning module ExampleDeviceProfileSelector (54)
[2020.07.12-02.56.25:043][107]LogModuleManager: Shutting down and abandoning module AppleARKit (52)
[2020.07.12-02.56.25:043][107]LogModuleManager: Shutting down and abandoning module AugmentedReality (51)
[2020.07.12-02.56.25:043][107]LogModuleManager: Shutting down and abandoning module OnlineBlueprintSupport (48)
[2020.07.12-02.56.25:043][107]LogModuleManager: Shutting down and abandoning module OnlineSubsystem (44)
[2020.07.12-02.56.25:085][107]LogModuleManager: Shutting down and abandoning module XMPP (43)
[2020.07.12-02.56.25:112][107]LogModuleManager: Shutting down and abandoning module HTTP (41)
[2020.07.12-02.56.25:112][107]LogHttp: Display: Http module shutting down, but needs to wait on 1 outstanding Http requests:
[2020.07.12-02.56.25:146][107]LogHttp: Display: 	verb=[POST] url=[https://datarouter.ol.epicgames.com/datarouter/api/v1/public/data?SessionID=%7B4004E03E-4599-D094-7F1E-20930CF14CDB%7D&AppID=UEEditor.Rocket.Release&AppVersion=4.18.3-3832480%2B%2B%2BUE4%2BRelease-4.18&UserID=dab985eb449ee4f1b342389e404cab9f%7C845779d9bd904572b61cf91381b7a44e%7C4e718ad1-99cd-4dc7-9063-d4e2b6f3fd7d&AppEnvironment=datacollector-binary&UploadType=eteventstream] status=Processing
[2020.07.12-02.56.25:168][107]LogModuleManager: Shutting down and abandoning module SSL (40)
[2020.07.12-02.56.25:184][107]LogModuleManager: Shutting down and abandoning module AnimationModifiers (36)
[2020.07.12-02.56.25:307][107]LogModuleManager: Shutting down and abandoning module PropertyEditor (35)
[2020.07.12-02.56.25:324][107]LogModuleManager: Shutting down and abandoning module AudioEditor (32)
[2020.07.12-02.56.25:366][107]LogModuleManager: Shutting down and abandoning module TextureCompressor (30)
[2020.07.12-02.56.25:460][107]LogModuleManager: Shutting down and abandoning module ShaderCore (28)
[2020.07.12-02.56.25:460][107]LogModuleManager: Shutting down and abandoning module Landscape (26)
[2020.07.12-02.56.25:460][107]LogModuleManager: Shutting down and abandoning module SlateRHIRenderer (24)
[2020.07.12-02.56.25:502][107]LogModuleManager: Shutting down and abandoning module OpenGLDrv (22)
[2020.07.12-02.56.25:638][107]LogModuleManager: Shutting down and abandoning module D3D11RHI (20)
[2020.07.12-02.56.25:639][107]LogModuleManager: Shutting down and abandoning module AnimGraphRuntime (18)
[2020.07.12-02.56.25:651][107]LogModuleManager: Shutting down and abandoning module Renderer (16)
[2020.07.12-02.56.25:651][107]LogModuleManager: Shutting down and abandoning module Engine (14)
[2020.07.12-02.56.25:651][107]LogModuleManager: Shutting down and abandoning module CoreUObject (12)
[2020.07.12-02.56.25:652][107]LogModuleManager: Shutting down and abandoning module NetworkFile (10)
[2020.07.12-02.56.25:658][107]LogModuleManager: Shutting down and abandoning module CookedIterativeFile (8)
[2020.07.12-02.56.25:658][107]LogModuleManager: Shutting down and abandoning module StreamingFile (6)
[2020.07.12-02.56.25:739][107]LogModuleManager: Shutting down and abandoning module SandboxFile (4)
[2020.07.12-02.56.25:748][107]LogModuleManager: Shutting down and abandoning module PakFile (2)
[2020.07.12-02.56.25:795][107]LogExit: Exiting.
[2020.07.12-02.56.25:895][107]Log file closed, 07/12/20 08:56:25
